[Licensing::Module] Trying to connect to existing licensing client channel...
Built from '6000.2/staging' branch; Version is '6000.2.12f1 (e89d5df0e333) revision 15244637'; Using compiler version '194234433'; Build Type 'Release'
OS: 'Windows 11  (10.0.26100) 64bit Education' Language: 'fr' Physical Memory: 32456 MB
[Licensing::IpcConnector] Successfully connected to: "LicenseClient-chlebelleg" at "2025-12-12T16:03:27.523926Z"
BatchMode: 1, IsHumanControllingUs: 0, StartBugReporterOnCrash: 0, Is64bit: 1
Date: 2025-12-12T16:03:27Z

COMMAND LINE ARGUMENTS:
C:\Program Files\Unity\Hub\Editor\6000.2.12f1\Editor\Unity.exe
-adb2
-batchMode
-noUpm
-name
AssetImportWorker3
-projectPath
C:/Users/chlebelleg/Projet VR
-logFile
Logs/AssetImportWorker3.log
-srvPort
61548
-licensingIpc
LicenseClient-chlebelleg
-job-worker-count
9
-background-job-worker-count
8
-gc-helper-count
1
-name
AssetImport
Successfully changed project path to: C:/Users/chlebelleg/Projet VR
C:/Users/chlebelleg/Projet VR
[UnityMemory] Configuration Parameters - Can be set up in boot.config
    "memorysetup-allocator-temp-initial-block-size-main=262144"
    "memorysetup-allocator-temp-initial-block-size-worker=262144"
    "memorysetup-bucket-allocator-granularity=16"
    "memorysetup-bucket-allocator-bucket-count=8"
    "memorysetup-bucket-allocator-block-size=33554432"
    "memorysetup-bucket-allocator-block-count=8"
    "memorysetup-main-allocator-block-size=16777216"
    "memorysetup-thread-allocator-block-size=16777216"
    "memorysetup-gfx-main-allocator-block-size=16777216"
    "memorysetup-gfx-thread-allocator-block-size=16777216"
    "memorysetup-cache-allocator-block-size=4194304"
    "memorysetup-typetree-allocator-block-size=2097152"
    "memorysetup-profiler-bucket-allocator-granularity=16"
    "memorysetup-profiler-bucket-allocator-bucket-count=8"
    "memorysetup-profiler-bucket-allocator-block-size=33554432"
    "memorysetup-profiler-bucket-allocator-block-count=8"
    "memorysetup-profiler-allocator-block-size=16777216"
    "memorysetup-profiler-editor-allocator-block-size=1048576"
    "memorysetup-temp-allocator-size-main=16777216"
    "memorysetup-job-temp-allocator-block-size=2097152"
    "memorysetup-job-temp-allocator-block-size-background=1048576"
    "memorysetup-job-temp-allocator-reduction-small-platforms=262144"
    "memorysetup-temp-allocator-size-background-worker=32768"
    "memorysetup-temp-allocator-size-job-worker=262144"
    "memorysetup-temp-allocator-size-preload-manager=33554432"
    "memorysetup-temp-allocator-size-nav-mesh-worker=65536"
    "memorysetup-temp-allocator-size-audio-worker=65536"
    "memorysetup-temp-allocator-size-cloud-worker=32768"
    "memorysetup-temp-allocator-size-gi-baking-worker=262144"
    "memorysetup-temp-allocator-size-gi-baking-worker=262144"
    "memorysetup-temp-allocator-size-gi-baking-worker=262144"
    "memorysetup-temp-allocator-size-gi-baking-worker=262144"
    "memorysetup-temp-allocator-size-gi-baking-worker=262144"
    "memorysetup-temp-allocator-size-gfx=262144"
Player connection [28640]  Target information:

Player connection [28640]  * "[IP] 172.16.36.69 [Port] 0 [Flags] 2 [Guid] 2560081954 [EditorId] 2560081954 [Version] 1048832 [Id] WindowsEditor(7,b005pc05) [Debug] 1 [PackageName] WindowsEditor [ProjectName] Editor" 

Player connection [28640] Host joined multi-casting on [225.0.0.222:54997]...
Player connection [28640] Host joined alternative multi-casting on [225.0.0.222:34997]...
JobSystem: Creating JobQueue using job-worker-count value 9
Input System module state changed to: Initialized.
[Physics::Module] Initialized fallback backend.
[Physics::Module] Id: 0xdecafbad
Library Redirect Path: Library/
[Physics::Module] Selected backend.
[Physics::Module] Name: PhysX
[Physics::Module] Id: 0xf2b8ea05
[Physics::Module] SDK Version: 4.1.2
[Physics::Module] Integration Version: 1.0.0
[Physics::Module] Threading Mode: Multi-Threaded
Refreshing native plugins compatible for Editor in 1.92 ms, found 3 plugins.
Preloading 0 native plugins for Editor in 0.00 ms.
Initialize engine version: 6000.2.12f1 (e89d5df0e333)
[Subsystems] Discovering subsystems at path C:/Program Files/Unity/Hub/Editor/6000.2.12f1/Editor/Data/Resources/UnitySubsystems
[Subsystems] Discovering subsystems at path C:/Users/chlebelleg/Projet VR/Assets
GfxDevice: creating device client; kGfxThreadingModeNonThreaded
Direct3D:
    Version:  Direct3D 11.0 [level 11.1]
    Renderer: NVIDIA GeForce RTX 3060 (ID=0x2504)
    Vendor:   NVIDIA
    VRAM:     12115 MB
    Driver:   32.0.15.7196
Initialize mono
Mono path[0] = 'C:/Program Files/Unity/Hub/Editor/6000.2.12f1/Editor/Data/Managed'
Mono path[1] = 'C:/Program Files/Unity/Hub/Editor/6000.2.12f1/Editor/Data/MonoBleedingEdge/lib/mono/unityjit-win32'
Mono config path = 'C:/Program Files/Unity/Hub/Editor/6000.2.12f1/Editor/Data/MonoBleedingEdge/etc'
Using monoOptions --debugger-agent=transport=dt_socket,embedding=1,server=y,suspend=n,address=127.0.0.1:56724
Begin MonoManager ReloadAssembly
Registering precompiled unity dll's ...
Register platform support module: C:/Program Files/Unity/Hub/Editor/6000.2.12f1/Editor/Data/PlaybackEngines/WindowsStandaloneSupport/UnityEditor.WindowsStandalone.Extensions.dll
Registered in 0.001715 seconds.
- Loaded All Assemblies, in  0.429 seconds
Native extension for WindowsStandalone target not found
Mono: successfully reloaded assembly
- Finished resetting the current domain, in  0.315 seconds
Domain Reload Profiling: 742ms
	BeginReloadAssembly (135ms)
		ExecutionOrderSort (0ms)
		DisableScriptedObjects (0ms)
		BackupInstance (0ms)
		ReleaseScriptingObjects (0ms)
		CreateAndSetChildDomain (1ms)
	RebuildCommonClasses (43ms)
	RebuildNativeTypeToScriptingClass (15ms)
	initialDomainReloadingComplete (52ms)
	LoadAllAssembliesAndSetupDomain (182ms)
		LoadAssemblies (132ms)
		RebuildTransferFunctionScriptingTraits (0ms)
		AnalyzeDomain (179ms)
			TypeCache.Refresh (177ms)
				TypeCache.ScanAssembly (164ms)
			BuildScriptInfoCaches (0ms)
			ResolveRequiredComponents (0ms)
	FinalizeReload (315ms)
		ReleaseScriptCaches (0ms)
		RebuildScriptCaches (0ms)
		SetupLoadedEditorAssemblies (284ms)
			LogAssemblyErrors (0ms)
			InitializePlatformSupportModulesInManaged (42ms)
			SetLoadedEditorAssemblies (4ms)
			BeforeProcessingInitializeOnLoad (59ms)
			ProcessInitializeOnLoadAttributes (133ms)
			ProcessInitializeOnLoadMethodAttributes (46ms)
			AfterProcessingInitializeOnLoad (0ms)
			EditorAssembliesLoaded (0ms)
		ExecutionOrderSort2 (0ms)
		AwakeInstancesAfterBackupRestoration (0ms)
========================================================================
Worker process is ready to serve import requests
Import Worker Mode flag is 0x00
Begin MonoManager ReloadAssembly
[Licensing::Module] Licensing is not yet initialized.
[Licensing::Client] Error: HandshakeResponse reported an error:
	ResponseCode: 505
	ResponseStatus: Unsupported protocol version '1.17.4'.
[Licensing::Module] Error: Failed to handshake to channel: "LicenseClient-chlebelleg"
[Licensing::IpcConnector] LicenseClient-chlebelleg channel disconnected successfully.
[Licensing::IpcConnector] Successfully connected to: "LicenseClient-chlebelleg-6000.2.12" at "2025-12-12T16:03:29.5919818Z"
[Licensing::Client] Handshaking with LicensingClient:
  Version:                 1.17.4+4293ba1
  Session Id:              03b28b7a6974488ca90742df9997c4e7
  Correlation Id:          43e4665abf09917f305b818271944dd9
  External correlation Id: 2215391463649121418
  Machine Id:              jIPksGfeyXY150r6iFjDYzhxlWY=
[Licensing::Module] Successfully connected to LicensingClient on channel: "LicenseClient-chlebelleg-6000.2.12" (connect: 0.00s, validation: 0.00s, handshake: 1.33s)
[Licensing::IpcConnector] Successfully connected to: "LicenseClient-chlebelleg-6000.2.12-notifications" at "2025-12-12T16:03:30.9269513Z"
[Licensing::Module] Licensing Background thread has ended after 3.40s
[Licensing::Module] Licensing is initialized (took 1.40s).
[Licensing::Client] Successfully resolved entitlement details
[Licensing::Module] License group:
  Id: 20067524498188-UnityPersXXXX
  Product: Unity Personal
  Type: Assigned
  Expiration: Unlimited
- Loaded All Assemblies, in  1.890 seconds
Refreshing native plugins compatible for Editor in 0.51 ms, found 3 plugins.
Native extension for WindowsStandalone target not found
Package Manager log level set to [2]
[Package Manager] Failed to launch server process. Reason: Unity was launched with the -noUpm command-line argument
[Package Manager] Unable to send message (not connected to server process).
[Package Manager] Cannot connect to Unity Package Manager local server
Mono: successfully reloaded assembly
- Finished resetting the current domain, in  0.443 seconds
Domain Reload Profiling: 2331ms
	BeginReloadAssembly (1540ms)
		ExecutionOrderSort (0ms)
		DisableScriptedObjects (6ms)
		BackupInstance (0ms)
		ReleaseScriptingObjects (0ms)
		CreateAndSetChildDomain (23ms)
	RebuildCommonClasses (26ms)
	RebuildNativeTypeToScriptingClass (9ms)
	initialDomainReloadingComplete (27ms)
	LoadAllAssembliesAndSetupDomain (286ms)
		LoadAssemblies (220ms)
		RebuildTransferFunctionScriptingTraits (0ms)
		AnalyzeDomain (139ms)
			TypeCache.Refresh (111ms)
				TypeCache.ScanAssembly (101ms)
			BuildScriptInfoCaches (21ms)
			ResolveRequiredComponents (3ms)
	FinalizeReload (443ms)
		ReleaseScriptCaches (0ms)
		RebuildScriptCaches (0ms)
		SetupLoadedEditorAssemblies (358ms)
			LogAssemblyErrors (0ms)
			InitializePlatformSupportModulesInManaged (1ms)
			SetLoadedEditorAssemblies (3ms)
			BeforeProcessingInitializeOnLoad (71ms)
			ProcessInitializeOnLoadAttributes (261ms)
			ProcessInitializeOnLoadMethodAttributes (19ms)
			AfterProcessingInitializeOnLoad (3ms)
			EditorAssembliesLoaded (0ms)
		ExecutionOrderSort2 (0ms)
		AwakeInstancesAfterBackupRestoration (4ms)
Launched and connected shader compiler UnityShaderCompiler.exe after 0.02 seconds
Refreshing native plugins compatible for Editor in 0.93 ms, found 3 plugins.
Preloading 0 native plugins for Editor in 0.00 ms.
Unloading 0 Unused Serialized files (Serialized files now loaded: 0)
Unloading 3858 unused Assets / (1.2 MB). Loaded Objects now: 4350.
Memory consumption went from 83.4 MB to 82.2 MB.
Total: 7.352500 ms (FindLiveObjects: 0.406300 ms CreateObjectMapping: 0.438800 ms MarkObjects: 5.127500 ms  DeleteObjects: 1.376700 ms)

========================================================================
Received Import Request.
  Time since last request: 8643.138505 seconds.
  path: Assets/Tutorial Assets/HealthbarBackground.png
  artifactKey: Guid(4dd613d937934bf4c8bc7282e11a41f2) Importer(2089858483,192608db42251d675da83286b1cce702)
Start importing Assets/Tutorial Assets/HealthbarBackground.png using Guid(4dd613d937934bf4c8bc7282e11a41f2) Importer(2089858483,192608db42251d675da83286b1cce702) (ScriptedImporter) -> (artifact id: '3c3495d4fd7d2a2339f6e9791a077cc7') in 0.1156045 seconds
Number of updated asset objects reloaded before import = 0Number of asset objects unloaded after import = 1

========================================================================
Received Import Request.
  Time since last request: 0.000013 seconds.
  path: Assets/Scripts/Ennemy.cs
  artifactKey: Guid(c83fa27a46f1a134da34f000b01bf1c8) Importer(2089858483,192608db42251d675da83286b1cce702)
Start importing Assets/Scripts/Ennemy.cs using Guid(c83fa27a46f1a134da34f000b01bf1c8) Importer(2089858483,192608db42251d675da83286b1cce702) (ScriptedImporter) -> (artifact id: '4fb7b8aad043189579114eb1f60018bb') in 0.0066146 seconds
Number of updated asset objects reloaded before import = 0Number of asset objects unloaded after import = 0

========================================================================
Received Import Request.
  Time since last request: 0.000052 seconds.
  path: Assets/GAMWILL/GAMWILL Zombie fun character free sample/Material/Zombie.mat
  artifactKey: Guid(882c691f71e7b6d499bd202f5ee28e0c) Importer(2089858483,192608db42251d675da83286b1cce702)
Start importing Assets/GAMWILL/GAMWILL Zombie fun character free sample/Material/Zombie.mat using Guid(882c691f71e7b6d499bd202f5ee28e0c) Importer(2089858483,192608db42251d675da83286b1cce702) (ScriptedImporter) -> (artifact id: '89977fc50dd6396244dd67feaa17b002') in 0.0171165 seconds
Number of updated asset objects reloaded before import = 0Number of asset objects unloaded after import = 2

========================================================================
Received Import Request.
  Time since last request: 0.000012 seconds.
  path: Assets/Prefabs/Cube.prefab
  artifactKey: Guid(c016b5028263381438b3c72a452b9631) Importer(2089858483,192608db42251d675da83286b1cce702)
Start importing Assets/Prefabs/Cube.prefab using Guid(c016b5028263381438b3c72a452b9631) Importer(2089858483,192608db42251d675da83286b1cce702) (ScriptedImporter) -> (artifact id: '6fdb6b92d06be05a8d553300d821b838') in 0.0323555 seconds
Number of updated asset objects reloaded before import = 0Number of asset objects unloaded after import = 9

========================================================================
Received Import Request.
  Time since last request: 68.194200 seconds.
  path: Assets/Free medieval weapons/Textures/Swords_DH_low_Sword_DH_AO.png
  artifactKey: Guid(97292a0cd2b081640bf69b469b52626f) Importer(2089858483,192608db42251d675da83286b1cce702)
Start importing Assets/Free medieval weapons/Textures/Swords_DH_low_Sword_DH_AO.png using Guid(97292a0cd2b081640bf69b469b52626f) Importer(2089858483,192608db42251d675da83286b1cce702) (ScriptedImporter) -> (artifact id: 'a958019d1c43450d07b456cace81ab22') in 0.0094461 seconds
Number of updated asset objects reloaded before import = 0Number of asset objects unloaded after import = 1

========================================================================
Received Import Request.
  Time since last request: 0.011115 seconds.
  path: Assets/Free medieval weapons/Textures
  artifactKey: Guid(7fd46987ce83f8d4bbd525024c003a35) Importer(2089858483,192608db42251d675da83286b1cce702)
Start importing Assets/Free medieval weapons/Textures using Guid(7fd46987ce83f8d4bbd525024c003a35) Importer(2089858483,192608db42251d675da83286b1cce702) (ScriptedImporter) -> (artifact id: '4c8335ce464caa74d40235ea813b3caa') in 0.0021401 seconds
Number of updated asset objects reloaded before import = 0Number of asset objects unloaded after import = 1

========================================================================
Received Import Request.
  Time since last request: 0.022576 seconds.
  path: Assets/Free medieval weapons/Materials/Wooden Bow_1_Wooden Bow_1_AlbedoTransparency.mat
  artifactKey: Guid(2bc3ce3957131124687002ae93ea4732) Importer(2089858483,192608db42251d675da83286b1cce702)
Start importing Assets/Free medieval weapons/Materials/Wooden Bow_1_Wooden Bow_1_AlbedoTransparency.mat using Guid(2bc3ce3957131124687002ae93ea4732) Importer(2089858483,192608db42251d675da83286b1cce702) (ScriptedImporter) -> (artifact id: '981d6d6e401beb59e4604c1f9375245d') in 0.0467029 seconds
Number of updated asset objects reloaded before import = 0Number of asset objects unloaded after import = 5

========================================================================
Received Import Request.
  Time since last request: 0.000018 seconds.
  path: Assets/Free medieval weapons/Textures/Arrows_Arrows_Normal.png
  artifactKey: Guid(eb2ca770f844a874498025713b0bdc9c) Importer(2089858483,192608db42251d675da83286b1cce702)
Start importing Assets/Free medieval weapons/Textures/Arrows_Arrows_Normal.png using Guid(eb2ca770f844a874498025713b0bdc9c) Importer(2089858483,192608db42251d675da83286b1cce702) (ScriptedImporter) -> (artifact id: '7106517bad92aecbc476a3e90bf8b235') in 0.0129412 seconds
Number of updated asset objects reloaded before import = 0Number of asset objects unloaded after import = 1

========================================================================
Received Import Request.
  Time since last request: 0.000054 seconds.
  path: Assets/Free medieval weapons/Models/Weapons.fbx
  artifactKey: Guid(9aee63a8fb5917e479df7d2311f3bd99) Importer(2089858483,192608db42251d675da83286b1cce702)
Start importing Assets/Free medieval weapons/Models/Weapons.fbx using Guid(9aee63a8fb5917e479df7d2311f3bd99) Importer(2089858483,192608db42251d675da83286b1cce702) (ScriptedImporter) -> (artifact id: '89be9cc513cc5546e43c8e9155e3db0d') in 0.0388371 seconds
Number of updated asset objects reloaded before import = 0Number of asset objects unloaded after import = 28

========================================================================
Received Import Request.
  Time since last request: 0.000017 seconds.
  path: Assets/Free medieval weapons/Textures/Swords_low_Swords_OH_AlbedoTransparency.png
  artifactKey: Guid(f4025166482b470439bcfe82f6acda5c) Importer(2089858483,192608db42251d675da83286b1cce702)
Start importing Assets/Free medieval weapons/Textures/Swords_low_Swords_OH_AlbedoTransparency.png using Guid(f4025166482b470439bcfe82f6acda5c) Importer(2089858483,192608db42251d675da83286b1cce702) (ScriptedImporter) -> (artifact id: 'f4c4f7a18efef29ba8c255d00805d1ce') in 0.0079232 seconds
Number of updated asset objects reloaded before import = 0Number of asset objects unloaded after import = 1

========================================================================
Received Import Request.
  Time since last request: 0.000067 seconds.
  path: Assets/Free medieval weapons/Scenes
  artifactKey: Guid(5ac2cbe81fd50a74bacc2ab05dbbb946) Importer(2089858483,192608db42251d675da83286b1cce702)
Start importing Assets/Free medieval weapons/Scenes using Guid(5ac2cbe81fd50a74bacc2ab05dbbb946) Importer(2089858483,192608db42251d675da83286b1cce702) (ScriptedImporter) -> (artifact id: '83269ce5aa2c1b5199992fd74ba16df1') in 0.0019811 seconds
Number of updated asset objects reloaded before import = 0Number of asset objects unloaded after import = 1

========================================================================
Received Import Request.
  Time since last request: 0.000095 seconds.
  path: Assets/Free medieval weapons/Materials/DoubleSided_Axes_low_Axes_DS_AlbedoTransparency.mat
  artifactKey: Guid(fea5362e1b265c54b9073c4b17ff9dbf) Importer(2089858483,192608db42251d675da83286b1cce702)
Start importing Assets/Free medieval weapons/Materials/DoubleSided_Axes_low_Axes_DS_AlbedoTransparency.mat using Guid(fea5362e1b265c54b9073c4b17ff9dbf) Importer(2089858483,192608db42251d675da83286b1cce702) (ScriptedImporter) -> (artifact id: 'a97ca56bf4354b67bee970f8dcc46333') in 0.0201322 seconds
Number of updated asset objects reloaded before import = 0Number of asset objects unloaded after import = 5

========================================================================
Received Import Request.
  Time since last request: 0.000018 seconds.
  path: Assets/Free medieval weapons/Prefabs
  artifactKey: Guid(d92e35b9de6da60489185bf474a2812d) Importer(2089858483,192608db42251d675da83286b1cce702)
Start importing Assets/Free medieval weapons/Prefabs using Guid(d92e35b9de6da60489185bf474a2812d) Importer(2089858483,192608db42251d675da83286b1cce702) (ScriptedImporter) -> (artifact id: 'f34d2179753f326f9b865a40a008ebd2') in 0.0033122 seconds
Number of updated asset objects reloaded before import = 0Number of asset objects unloaded after import = 1

========================================================================
Received Import Request.
  Time since last request: 0.000064 seconds.
  path: Assets/Free medieval weapons/Prefabs/Sword_OH.prefab
  artifactKey: Guid(259746fbc59909b4eb14377c46a80363) Importer(2089858483,192608db42251d675da83286b1cce702)
Start importing Assets/Free medieval weapons/Prefabs/Sword_OH.prefab using Guid(259746fbc59909b4eb14377c46a80363) Importer(2089858483,192608db42251d675da83286b1cce702) (ScriptedImporter) -> (artifact id: 'db8a97356db271c6bf31e3d61fd38a7d') in 0.0083943 seconds
Number of updated asset objects reloaded before import = 0Number of asset objects unloaded after import = 8

========================================================================
Received Import Request.
  Time since last request: 0.000016 seconds.
  path: Assets/Free medieval weapons/Textures/OneSided_Axes_low_Axes_OS_AlbedoTransparency.png
  artifactKey: Guid(cf2d9397e8c78e543a0517832ee4cc19) Importer(2089858483,192608db42251d675da83286b1cce702)
Start importing Assets/Free medieval weapons/Textures/OneSided_Axes_low_Axes_OS_AlbedoTransparency.png using Guid(cf2d9397e8c78e543a0517832ee4cc19) Importer(2089858483,192608db42251d675da83286b1cce702) (ScriptedImporter) -> (artifact id: 'f75e03d898abefdc64569d03cec05c52') in 0.0093694 seconds
Number of updated asset objects reloaded before import = 0Number of asset objects unloaded after import = 1

========================================================================
Received Import Request.
  Time since last request: 0.000064 seconds.
  path: Assets/Free medieval weapons/Models
  artifactKey: Guid(6f9c7fe55bc830a44a83f67f55a1b931) Importer(2089858483,192608db42251d675da83286b1cce702)
Start importing Assets/Free medieval weapons/Models using Guid(6f9c7fe55bc830a44a83f67f55a1b931) Importer(2089858483,192608db42251d675da83286b1cce702) (ScriptedImporter) -> (artifact id: 'e6c519ca02719f74e552906f6de0d1b8') in 0.0033881 seconds
Number of updated asset objects reloaded before import = 0Number of asset objects unloaded after import = 1

========================================================================
Received Import Request.
  Time since last request: 0.000071 seconds.
  path: Assets/Free medieval weapons/Prefabs/Axe_DS.prefab
  artifactKey: Guid(f063809a91c6b0248956e054e09b9b56) Importer(2089858483,192608db42251d675da83286b1cce702)
Start importing Assets/Free medieval weapons/Prefabs/Axe_DS.prefab using Guid(f063809a91c6b0248956e054e09b9b56) Importer(2089858483,192608db42251d675da83286b1cce702) (ScriptedImporter) -> (artifact id: 'c7577213ef92282b7485776d81c11eec') in 0.0053882 seconds
Number of updated asset objects reloaded before import = 0Number of asset objects unloaded after import = 8

========================================================================
Received Import Request.
  Time since last request: 0.000013 seconds.
  path: Assets/Free medieval weapons/Textures/Wooden Bow_1_Wooden Bow_1_AO.png
  artifactKey: Guid(e6dc8c2439d5af346a7e313ee7851e28) Importer(2089858483,192608db42251d675da83286b1cce702)
Start importing Assets/Free medieval weapons/Textures/Wooden Bow_1_Wooden Bow_1_AO.png using Guid(e6dc8c2439d5af346a7e313ee7851e28) Importer(2089858483,192608db42251d675da83286b1cce702) (ScriptedImporter) -> (artifact id: '1d0760314bf3d0ce752b9770df24e45c') in 0.0088051 seconds
Number of updated asset objects reloaded before import = 0Number of asset objects unloaded after import = 1

========================================================================
Received Import Request.
  Time since last request: 0.000064 seconds.
  path: Assets/Free medieval weapons/Prefabs/Wooden Bow.prefab
  artifactKey: Guid(d03c4353fda446d4f8df56d422578d64) Importer(2089858483,192608db42251d675da83286b1cce702)
Start importing Assets/Free medieval weapons/Prefabs/Wooden Bow.prefab using Guid(d03c4353fda446d4f8df56d422578d64) Importer(2089858483,192608db42251d675da83286b1cce702) (ScriptedImporter) -> (artifact id: '3db16a4c3989464e738be15b299938d6') in 0.0111684 seconds
Number of updated asset objects reloaded before import = 0Number of asset objects unloaded after import = 66

========================================================================
Received Import Request.
  Time since last request: 0.000020 seconds.
  path: Assets/Free medieval weapons/Textures/Swords_DH_low_Sword_DH_MetallicSmoothness.png
  artifactKey: Guid(87ae610d1cbd110458bd4da2333f9849) Importer(2089858483,192608db42251d675da83286b1cce702)
Start importing Assets/Free medieval weapons/Textures/Swords_DH_low_Sword_DH_MetallicSmoothness.png using Guid(87ae610d1cbd110458bd4da2333f9849) Importer(2089858483,192608db42251d675da83286b1cce702) (ScriptedImporter) -> (artifact id: '7aebc4fe8155cde3004b351c62851d06') in 0.0105429 seconds
Number of updated asset objects reloaded before import = 0Number of asset objects unloaded after import = 1

Editor requested this worker to shutdown with reason: Scaling down because of idle timeout
AssetImportWorker is now disconnected from the server
Process exiting
Exiting without the bug reporter. Application will terminate with return code 0